2026-07-12 16:27:11,347 INFO main AplicaĂ§ĂŁo iniciada com sucesso!
2026-07-12 16:27:19,351 INFO main Rota raiz acessada.
2026-07-12 16:31:15,853 INFO main AplicaĂ§ĂŁo iniciada com sucesso!
2026-07-12 16:31:17,138 INFO main Rota raiz acessada.
2026-07-12 16:33:38,280 INFO main AplicaĂ§ĂŁo iniciada com sucesso!
2026-07-12 16:37:10,234 INFO main Rota raiz acessada.
2026-07-12 16:41:42,216 INFO main Rota raiz acessada.
2026-07-12 13:43:16,829 INFO main Aplicaçăo iniciada com sucesso!
2026-07-12 13:43:22,448 INFO main Aplicaçăo iniciada com sucesso!
2026-07-12 13:44:05,142 ERROR celery.backends.redis Connection to Redis lost: Retry (0/20) now.
2026-07-12 13:44:07,861 ERROR celery.backends.redis Connection to Redis lost: Retry (1/20) in 1.00 second.
2026-07-12 13:44:11,566 ERROR celery.backends.redis Connection to Redis lost: Retry (2/20) in 1.00 second.
2026-07-12 13:44:15,276 ERROR celery.backends.redis Connection to Redis lost: Retry (3/20) in 1.00 second.
2026-07-12 13:44:19,005 ERROR celery.backends.redis Connection to Redis lost: Retry (4/20) in 1.00 second.
2026-07-12 13:44:22,711 ERROR celery.backends.redis Connection to Redis lost: Retry (5/20) in 1.00 second.
2026-07-12 13:44:26,424 ERROR celery.backends.redis Connection to Redis lost: Retry (6/20) in 1.00 second.
2026-07-12 13:44:30,141 ERROR celery.backends.redis Connection to Redis lost: Retry (7/20) in 1.00 second.
2026-07-12 13:44:33,852 ERROR celery.backends.redis Connection to Redis lost: Retry (8/20) in 1.00 second.
2026-07-12 13:44:37,563 ERROR celery.backends.redis Connection to Redis lost: Retry (9/20) in 1.00 second.
2026-07-12 13:44:41,245 ERROR celery.backends.redis Connection to Redis lost: Retry (10/20) in 1.00 second.
2026-07-12 13:44:44,946 ERROR celery.backends.redis Connection to Redis lost: Retry (11/20) in 1.00 second.
2026-07-12 13:44:48,657 ERROR celery.backends.redis Connection to Redis lost: Retry (12/20) in 1.00 second.
2026-07-12 13:44:52,360 ERROR celery.backends.redis Connection to Redis lost: Retry (13/20) in 1.00 second.
2026-07-12 13:44:56,054 ERROR celery.backends.redis Connection to Redis lost: Retry (14/20) in 1.00 second.
2026-07-12 13:44:59,755 ERROR celery.backends.redis Connection to Redis lost: Retry (15/20) in 1.00 second.
2026-07-12 13:45:02,929 INFO main Aplicaçăo iniciada com sucesso!
2026-07-12 13:45:14,960 ERROR celery.backends.redis Connection to Redis lost: Retry (0/20) now.
2026-07-12 13:45:17,671 ERROR celery.backends.redis Connection to Redis lost: Retry (1/20) in 1.00 second.
2026-07-12 13:45:21,389 ERROR celery.backends.redis Connection to Redis lost: Retry (2/20) in 1.00 second.
2026-07-12 13:45:25,104 ERROR celery.backends.redis Connection to Redis lost: Retry (3/20) in 1.00 second.
2026-07-12 13:45:28,812 ERROR celery.backends.redis Connection to Redis lost: Retry (4/20) in 1.00 second.
2026-07-12 13:45:32,533 ERROR celery.backends.redis Connection to Redis lost: Retry (5/20) in 1.00 second.
2026-07-12 13:45:36,235 ERROR celery.backends.redis Connection to Redis lost: Retry (6/20) in 1.00 second.
2026-07-12 13:45:39,935 ERROR celery.backends.redis Connection to Redis lost: Retry (7/20) in 1.00 second.
2026-07-12 13:45:43,650 ERROR celery.backends.redis Connection to Redis lost: Retry (8/20) in 1.00 second.
2026-07-12 13:45:47,322 ERROR celery.backends.redis Connection to Redis lost: Retry (9/20) in 1.00 second.
2026-07-12 16:45:49,276 INFO main AplicaĂ§ĂŁo iniciada com sucesso!
2026-07-12 13:45:51,047 ERROR celery.backends.redis Connection to Redis lost: Retry (10/20) in 1.00 second.
2026-07-12 13:45:54,761 ERROR celery.backends.redis Connection to Redis lost: Retry (11/20) in 1.00 second.
2026-07-12 13:45:58,476 ERROR celery.backends.redis Connection to Redis lost: Retry (12/20) in 1.00 second.
2026-07-12 13:46:02,190 ERROR celery.backends.redis Connection to Redis lost: Retry (13/20) in 1.00 second.
2026-07-12 13:46:05,904 ERROR celery.backends.redis Connection to Redis lost: Retry (14/20) in 1.00 second.
2026-07-12 13:46:09,591 ERROR celery.backends.redis Connection to Redis lost: Retry (15/20) in 1.00 second.
2026-07-12 13:46:13,317 ERROR celery.backends.redis Connection to Redis lost: Retry (16/20) in 1.00 second.
2026-07-12 13:46:17,034 ERROR celery.backends.redis Connection to Redis lost: Retry (17/20) in 1.00 second.
2026-07-12 13:46:20,758 ERROR celery.backends.redis Connection to Redis lost: Retry (18/20) in 1.00 second.
2026-07-12 13:46:24,488 ERROR celery.backends.redis Connection to Redis lost: Retry (19/20) in 1.00 second.
2026-07-12 13:46:28,196 CRITICAL celery.backends.asynchronous 
Retry limit exceeded while trying to reconnect to the Celery result store
backend. The Celery application must be restarted.

2026-07-12 13:49:30,473 INFO main Aplicaçăo iniciada com sucesso!
2026-07-12 13:49:30,772 INFO httpx HTTP Request: GET http://testserver/livros "HTTP/1.1 200 OK"
2026-07-12 13:49:30,942 INFO httpx HTTP Request: GET http://testserver/livros "HTTP/1.1 401 Unauthorized"
2026-07-12 13:49:31,119 INFO httpx HTTP Request: GET http://testserver/livros "HTTP/1.1 401 Unauthorized"
2026-07-12 13:49:31,316 INFO elastic_transport.transport POST http://localhost:9200/livros-logs/_doc [status:400 duration:0.048s]
2026-07-12 13:49:31,317 ERROR main Erro ao indexar log no Elasticsearch: BadRequestError(400, 'media_type_header_exception', 'Invalid media-type value on headers [Content-Type, Accept]', Accept version must be either version 8 or 7, but found 9. Accept=application/vnd.elasticsearch+json; compatible-with=9)
2026-07-12 13:49:31,319 INFO httpx HTTP Request: GET http://testserver/livros "HTTP/1.1 200 OK"
2026-07-12 13:49:31,510 INFO elastic_transport.transport POST http://localhost:9200/livros-logs/_doc [status:400 duration:0.047s]
2026-07-12 13:49:31,510 ERROR main Erro ao indexar log no Elasticsearch: BadRequestError(400, 'media_type_header_exception', 'Invalid media-type value on headers [Content-Type, Accept]', Accept version must be either version 8 or 7, but found 9. Accept=application/vnd.elasticsearch+json; compatible-with=9)
2026-07-12 13:49:31,513 INFO httpx HTTP Request: GET http://testserver/livros "HTTP/1.1 200 OK"
2026-07-12 13:49:31,520 INFO main Rota raiz acessada.
2026-07-12 13:49:31,522 INFO httpx HTTP Request: GET http://testserver/ "HTTP/1.1 200 OK"
2026-07-12 13:49:31,567 INFO celery.app.trace Task task.somar[de79bf39-99f3-467b-b107-644d55e6b0ff] succeeded in 0.036624799999117386s: 8
2026-07-12 13:49:31,569 INFO celery.app.trace Task task.fatorial[9a5fdbfe-b805-4fbf-a0c6-fda2b5f7980d] succeeded in 9.589999535819516e-05s: 120
2026-07-12 13:49:31,576 INFO httpx HTTP Request: POST http://testserver/calcular/soma?a=1&b=2 "HTTP/1.1 200 OK"
2026-07-12 13:49:31,584 INFO httpx HTTP Request: POST http://testserver/calcular/fatorial?n=4 "HTTP/1.1 200 OK"
2026-07-12 16:49:51,718 INFO main AplicaĂ§ĂŁo iniciada com sucesso!
2026-07-12 16:50:03,534 INFO main Rota raiz acessada.
